<?xml version="1.0" encoding="UTF-8"?>
<testng-results skipped="0" failed="0" ignored="0" total="5" passed="5">
  <reporter-output>
  </reporter-output>
  <suite name="Suite" duration-ms="164" started-at="2022-02-25T14:56:09 IST" finished-at="2022-02-25T14:56:09 IST">
    <groups>
    </groups>
    <test name="Test" duration-ms="164" started-at="2022-02-25T14:56:09 IST" finished-at="2022-02-25T14:56:09 IST">
      <class name="mavenjava.AppTest">
        <test-method status="PASS" signature="shouldAnswerWithTrue()[pri:0, instance:mavenjava.AppTest@536aaa8d]" name="shouldAnswerWithTrue" duration-ms="1" started-at="2022-02-25T14:56:09 IST" finished-at="2022-02-25T14:56:09 IST">
          <reporter-output>
          </reporter-output>
        </test-method> <!-- shouldAnswerWithTrue -->
        <test-method status="PASS" signature="shouldAnswerWithTrue1()[pri:0, instance:mavenjava.AppTest@536aaa8d]" name="shouldAnswerWithTrue1" duration-ms="1" started-at="2022-02-25T14:56:09 IST" finished-at="2022-02-25T14:56:09 IST">
          <reporter-output>
          </reporter-output>
        </test-method> <!-- shouldAnswerWithTrue1 -->
        <test-method status="PASS" signature="shouldAnswerWithTrue2()[pri:0, instance:mavenjava.AppTest@536aaa8d]" name="shouldAnswerWithTrue2" duration-ms="1" started-at="2022-02-25T14:56:09 IST" finished-at="2022-02-25T14:56:09 IST">
          <reporter-output>
          </reporter-output>
        </test-method> <!-- shouldAnswerWithTrue2 -->
        <test-method status="PASS" signature="shouldAnswerWithTrue3()[pri:0, instance:mavenjava.AppTest@536aaa8d]" name="shouldAnswerWithTrue3" duration-ms="1" started-at="2022-02-25T14:56:09 IST" finished-at="2022-02-25T14:56:09 IST">
          <reporter-output>
          </reporter-output>
        </test-method> <!-- shouldAnswerWithTrue3 -->
      </class> <!-- mavenjava.AppTest -->
      <class name="mavenjava.TestCase">
        <test-method status="PASS" signature="testcase01()[pri:0, instance:mavenjava.TestCase@2833cc44]" name="testcase01" duration-ms="13" started-at="2022-02-25T14:56:09 IST" finished-at="2022-02-25T14:56:09 IST">
          <reporter-output>
          </reporter-output>
        </test-method> <!-- testcase01 -->
        <test-method status="PASS" signature="tearDown()[pri:0, instance:mavenjava.TestCase@2833cc44]" name="tearDown" is-config="true" duration-ms="2" started-at="2022-02-25T14:56:09 IST" finished-at="2022-02-25T14:56:09 IST">
          <reporter-output>
          </reporter-output>
        </test-method> <!-- tearDown -->
      </class> <!-- mavenjava.TestCase -->
    </test> <!-- Test -->
  </suite> <!-- Suite -->
</testng-results>
