<?xml version="1.0" encoding="UTF-8"?>
<testng-results skipped="0" failed="0" ignored="0" total="1" passed="1">
  <reporter-output>
  </reporter-output>
  <suite name="Default suite" duration-ms="48752" started-at="2022-03-03T14:47:48 IST" finished-at="2022-03-03T14:48:36 IST">
    <groups>
    </groups>
    <test name="Default test" duration-ms="48752" started-at="2022-03-03T14:47:48 IST" finished-at="2022-03-03T14:48:36 IST">
      <class name="baseclass.BaseClass">
        <test-method status="PASS" signature="start()[pri:0, instance:baseclass.BaseClass@63440df3]" name="start" duration-ms="48624" started-at="2022-03-03T14:47:48 IST" finished-at="2022-03-03T14:48:36 IST">
          <reporter-output>
          </reporter-output>
        </test-method> <!-- start -->
      </class> <!-- baseclass.BaseClass -->
    </test> <!-- Default test -->
  </suite> <!-- Default suite -->
</testng-results>
