<?xml version="1.0" encoding="UTF-8"?>
<testng-results skipped="0" failed="0" ignored="0" total="33" passed="33">
  <reporter-output>
  </reporter-output>
  <suite name="Surefire suite" duration-ms="7484" started-at="2022-03-08T16:58:26 IST" finished-at="2022-03-08T16:58:34 IST">
    <groups>
      <group name="cucumber">
        <method signature="AbstractTestNGCucumberTests.runScenario(io.cucumber.testng.PickleWrapper,io.cucumber.testng.FeatureWrapper)[pri:0, instance:testRunner.TestngRunFailedTestCase@c81cdd1]" name="runScenario" class="io.cucumber.testng.AbstractTestNGCucumberTests"/>
        <method signature="AbstractTestNGCucumberTests.runScenario(io.cucumber.testng.PickleWrapper,io.cucumber.testng.FeatureWrapper)[pri:0, instance:testRunner.TestngRunner2extent@78ac1102]" name="runScenario" class="io.cucumber.testng.AbstractTestNGCucumberTests"/>
        <method signature="AbstractTestNGCucumberTests.runScenario(io.cucumber.testng.PickleWrapper,io.cucumber.testng.FeatureWrapper)[pri:0, instance:testRunner.TestngRunner@3891771e]" name="runScenario" class="io.cucumber.testng.AbstractTestNGCucumberTests"/>
        <method signature="AbstractTestNGCucumberTests.runScenario(io.cucumber.testng.PickleWrapper,io.cucumber.testng.FeatureWrapper)[pri:0, instance:testRunner.TestngRunnerfailedTS@2de8284b]" name="runScenario" class="io.cucumber.testng.AbstractTestNGCucumberTests"/>
      </group> <!-- cucumber -->
    </groups>
    <test name="Surefire test" duration-ms="7484" started-at="2022-03-08T16:58:26 IST" finished-at="2022-03-08T16:58:34 IST">
      <class name="testRunner.TestngRunFailedTestCase">
        <test-method status="PASS" signature="setUpClass(org.testng.ITestContext)[pri:0, instance:testRunner.TestngRunFailedTestCase@c81cdd1]" name="setUpClass" is-config="true" duration-ms="1045" started-at="2022-03-08T16:58:26 IST" finished-at="2022-03-08T16:58:27 IST">
          <params>
            <param index="0">
              <value>
                <![CDATA[org.testng.TestRunner@62dae245]]>
              </value>
            </param>
          </params>
          <reporter-output>
          </reporter-output>
        </test-method> <!-- setUpClass -->
        <test-method status="PASS" signature="tearDownClass()[pri:0, instance:testRunner.TestngRunFailedTestCase@c81cdd1]" name="tearDownClass" is-config="true" duration-ms="158" started-at="2022-03-08T16:58:27 IST" finished-at="2022-03-08T16:58:27 IST">
          <reporter-output>
          </reporter-output>
        </test-method> <!-- tearDownClass -->
      </class> <!-- testRunner.TestngRunFailedTestCase -->
      <class name="testRunner.TestngRunner2extent">
        <test-method status="PASS" signature="setUpClass(org.testng.ITestContext)[pri:0, instance:testRunner.TestngRunner2extent@78ac1102]" name="setUpClass" is-config="true" duration-ms="749" started-at="2022-03-08T16:58:29 IST" finished-at="2022-03-08T16:58:29 IST">
          <params>
            <param index="0">
              <value>
                <![CDATA[org.testng.TestRunner@62dae245]]>
              </value>
            </param>
          </params>
          <reporter-output>
          </reporter-output>
        </test-method> <!-- setUpClass -->
        <test-method status="PASS" signature="runScenario(io.cucumber.testng.PickleWrapper,io.cucumber.testng.FeatureWrapper)[pri:0, instance:testRunner.TestngRunner2extent@78ac1102]" name="runScenario" duration-ms="475" started-at="2022-03-08T16:58:29 IST" description="Runs Cucumber Scenarios" data-provider="scenarios" finished-at="2022-03-08T16:58:30 IST">
          <params>
            <param index="0">
              <value>
                <![CDATA["Home page default login"]]>
              </value>
            </param>
            <param index="1">
              <value>
                <![CDATA["Optional[Portal Login]"]]>
              </value>
            </param>
          </params>
          <reporter-output>
          </reporter-output>
        </test-method> <!-- runScenario -->
        <test-method status="PASS" signature="runScenario(io.cucumber.testng.PickleWrapper,io.cucumber.testng.FeatureWrapper)[pri:0, instance:testRunner.TestngRunner2extent@78ac1102]" name="runScenario" duration-ms="438" started-at="2022-03-08T16:58:29 IST" description="Runs Cucumber Scenarios" data-provider="scenarios" finished-at="2022-03-08T16:58:30 IST">
          <params>
            <param index="0">
              <value>
                <![CDATA["Home page default login"]]>
              </value>
            </param>
            <param index="1">
              <value>
                <![CDATA["Optional[Portal Login]"]]>
              </value>
            </param>
          </params>
          <reporter-output>
          </reporter-output>
        </test-method> <!-- runScenario -->
        <test-method status="PASS" signature="runScenario(io.cucumber.testng.PickleWrapper,io.cucumber.testng.FeatureWrapper)[pri:0, instance:testRunner.TestngRunner2extent@78ac1102]" name="runScenario" duration-ms="685" started-at="2022-03-08T16:58:29 IST" description="Runs Cucumber Scenarios" data-provider="scenarios" finished-at="2022-03-08T16:58:30 IST">
          <params>
            <param index="0">
              <value>
                <![CDATA["Home page default login"]]>
              </value>
            </param>
            <param index="1">
              <value>
                <![CDATA["Optional[Portal Login]"]]>
              </value>
            </param>
          </params>
          <reporter-output>
          </reporter-output>
        </test-method> <!-- runScenario -->
        <test-method status="PASS" signature="runScenario(io.cucumber.testng.PickleWrapper,io.cucumber.testng.FeatureWrapper)[pri:0, instance:testRunner.TestngRunner2extent@78ac1102]" name="runScenario" duration-ms="652" started-at="2022-03-08T16:58:29 IST" description="Runs Cucumber Scenarios" data-provider="scenarios" finished-at="2022-03-08T16:58:30 IST">
          <params>
            <param index="0">
              <value>
                <![CDATA["Home page default login"]]>
              </value>
            </param>
            <param index="1">
              <value>
                <![CDATA["Optional[Title of your feature]"]]>
              </value>
            </param>
          </params>
          <reporter-output>
          </reporter-output>
        </test-method> <!-- runScenario -->
        <test-method status="PASS" signature="runScenario(io.cucumber.testng.PickleWrapper,io.cucumber.testng.FeatureWrapper)[pri:0, instance:testRunner.TestngRunner2extent@78ac1102]" name="runScenario" duration-ms="508" started-at="2022-03-08T16:58:29 IST" description="Runs Cucumber Scenarios" data-provider="scenarios" finished-at="2022-03-08T16:58:30 IST">
          <params>
            <param index="0">
              <value>
                <![CDATA["Home page default login"]]>
              </value>
            </param>
            <param index="1">
              <value>
                <![CDATA["Optional[Title of your feature]"]]>
              </value>
            </param>
          </params>
          <reporter-output>
          </reporter-output>
        </test-method> <!-- runScenario -->
        <test-method status="PASS" signature="runScenario(io.cucumber.testng.PickleWrapper,io.cucumber.testng.FeatureWrapper)[pri:0, instance:testRunner.TestngRunner2extent@78ac1102]" name="runScenario" duration-ms="706" started-at="2022-03-08T16:58:29 IST" description="Runs Cucumber Scenarios" data-provider="scenarios" finished-at="2022-03-08T16:58:30 IST">
          <params>
            <param index="0">
              <value>
                <![CDATA["Home page default login"]]>
              </value>
            </param>
            <param index="1">
              <value>
                <![CDATA["Optional[Portal Login]"]]>
              </value>
            </param>
          </params>
          <reporter-output>
          </reporter-output>
        </test-method> <!-- runScenario -->
        <test-method status="PASS" signature="runScenario(io.cucumber.testng.PickleWrapper,io.cucumber.testng.FeatureWrapper)[pri:0, instance:testRunner.TestngRunner2extent@78ac1102]" name="runScenario" duration-ms="604" started-at="2022-03-08T16:58:29 IST" description="Runs Cucumber Scenarios" data-provider="scenarios" finished-at="2022-03-08T16:58:30 IST">
          <params>
            <param index="0">
              <value>
                <![CDATA["Home page default login"]]>
              </value>
            </param>
            <param index="1">
              <value>
                <![CDATA["Optional[Portal Login]"]]>
              </value>
            </param>
          </params>
          <reporter-output>
          </reporter-output>
        </test-method> <!-- runScenario -->
        <test-method status="PASS" signature="runScenario(io.cucumber.testng.PickleWrapper,io.cucumber.testng.FeatureWrapper)[pri:0, instance:testRunner.TestngRunner2extent@78ac1102]" name="runScenario" duration-ms="717" started-at="2022-03-08T16:58:29 IST" description="Runs Cucumber Scenarios" data-provider="scenarios" finished-at="2022-03-08T16:58:30 IST">
          <params>
            <param index="0">
              <value>
                <![CDATA["Home page default login"]]>
              </value>
            </param>
            <param index="1">
              <value>
                <![CDATA["Optional[Portal Login]"]]>
              </value>
            </param>
          </params>
          <reporter-output>
          </reporter-output>
        </test-method> <!-- runScenario -->
        <test-method status="PASS" signature="runScenario(io.cucumber.testng.PickleWrapper,io.cucumber.testng.FeatureWrapper)[pri:0, instance:testRunner.TestngRunner2extent@78ac1102]" name="runScenario" duration-ms="771" started-at="2022-03-08T16:58:29 IST" description="Runs Cucumber Scenarios" data-provider="scenarios" finished-at="2022-03-08T16:58:30 IST">
          <params>
            <param index="0">
              <value>
                <![CDATA["Home page default login"]]>
              </value>
            </param>
            <param index="1">
              <value>
                <![CDATA["Optional[Portal Login]"]]>
              </value>
            </param>
          </params>
          <reporter-output>
          </reporter-output>
        </test-method> <!-- runScenario -->
        <test-method status="PASS" signature="runScenario(io.cucumber.testng.PickleWrapper,io.cucumber.testng.FeatureWrapper)[pri:0, instance:testRunner.TestngRunner2extent@78ac1102]" name="runScenario" duration-ms="654" started-at="2022-03-08T16:58:29 IST" description="Runs Cucumber Scenarios" data-provider="scenarios" finished-at="2022-03-08T16:58:30 IST">
          <params>
            <param index="0">
              <value>
                <![CDATA["Home page default login"]]>
              </value>
            </param>
            <param index="1">
              <value>
                <![CDATA["Optional[Portal Login]"]]>
              </value>
            </param>
          </params>
          <reporter-output>
          </reporter-output>
        </test-method> <!-- runScenario -->
        <test-method status="PASS" signature="runScenario(io.cucumber.testng.PickleWrapper,io.cucumber.testng.FeatureWrapper)[pri:0, instance:testRunner.TestngRunner2extent@78ac1102]" name="runScenario" duration-ms="360" started-at="2022-03-08T16:58:30 IST" description="Runs Cucumber Scenarios" data-provider="scenarios" finished-at="2022-03-08T16:58:30 IST">
          <params>
            <param index="0">
              <value>
                <![CDATA["Home page default login"]]>
              </value>
            </param>
            <param index="1">
              <value>
                <![CDATA["Optional[Title of your feature]"]]>
              </value>
            </param>
          </params>
          <reporter-output>
          </reporter-output>
        </test-method> <!-- runScenario -->
        <test-method status="PASS" signature="runScenario(io.cucumber.testng.PickleWrapper,io.cucumber.testng.FeatureWrapper)[pri:0, instance:testRunner.TestngRunner2extent@78ac1102]" name="runScenario" duration-ms="349" started-at="2022-03-08T16:58:30 IST" description="Runs Cucumber Scenarios" data-provider="scenarios" finished-at="2022-03-08T16:58:30 IST">
          <params>
            <param index="0">
              <value>
                <![CDATA["Home page default login"]]>
              </value>
            </param>
            <param index="1">
              <value>
                <![CDATA["Optional[Title of your feature]"]]>
              </value>
            </param>
          </params>
          <reporter-output>
          </reporter-output>
        </test-method> <!-- runScenario -->
        <test-method status="PASS" signature="runScenario(io.cucumber.testng.PickleWrapper,io.cucumber.testng.FeatureWrapper)[pri:0, instance:testRunner.TestngRunner2extent@78ac1102]" name="runScenario" duration-ms="245" started-at="2022-03-08T16:58:30 IST" description="Runs Cucumber Scenarios" data-provider="scenarios" finished-at="2022-03-08T16:58:30 IST">
          <params>
            <param index="0">
              <value>
                <![CDATA["Home page default login"]]>
              </value>
            </param>
            <param index="1">
              <value>
                <![CDATA["Optional[Title of your feature]"]]>
              </value>
            </param>
          </params>
          <reporter-output>
          </reporter-output>
        </test-method> <!-- runScenario -->
        <test-method status="PASS" signature="runScenario(io.cucumber.testng.PickleWrapper,io.cucumber.testng.FeatureWrapper)[pri:0, instance:testRunner.TestngRunner2extent@78ac1102]" name="runScenario" duration-ms="83" started-at="2022-03-08T16:58:30 IST" description="Runs Cucumber Scenarios" data-provider="scenarios" finished-at="2022-03-08T16:58:30 IST">
          <params>
            <param index="0">
              <value>
                <![CDATA["Home page default login"]]>
              </value>
            </param>
            <param index="1">
              <value>
                <![CDATA["Optional[Title of your feature]"]]>
              </value>
            </param>
          </params>
          <reporter-output>
          </reporter-output>
        </test-method> <!-- runScenario -->
        <test-method status="PASS" signature="runScenario(io.cucumber.testng.PickleWrapper,io.cucumber.testng.FeatureWrapper)[pri:0, instance:testRunner.TestngRunner2extent@78ac1102]" name="runScenario" duration-ms="296" started-at="2022-03-08T16:58:30 IST" description="Runs Cucumber Scenarios" data-provider="scenarios" finished-at="2022-03-08T16:58:30 IST">
          <params>
            <param index="0">
              <value>
                <![CDATA["Home page default login"]]>
              </value>
            </param>
            <param index="1">
              <value>
                <![CDATA["Optional[Title of your feature]"]]>
              </value>
            </param>
          </params>
          <reporter-output>
          </reporter-output>
        </test-method> <!-- runScenario -->
        <test-method status="PASS" signature="runScenario(io.cucumber.testng.PickleWrapper,io.cucumber.testng.FeatureWrapper)[pri:0, instance:testRunner.TestngRunner2extent@78ac1102]" name="runScenario" duration-ms="260" started-at="2022-03-08T16:58:30 IST" description="Runs Cucumber Scenarios" data-provider="scenarios" finished-at="2022-03-08T16:58:30 IST">
          <params>
            <param index="0">
              <value>
                <![CDATA["Home page default login"]]>
              </value>
            </param>
            <param index="1">
              <value>
                <![CDATA["Optional[Title of your feature]"]]>
              </value>
            </param>
          </params>
          <reporter-output>
          </reporter-output>
        </test-method> <!-- runScenario -->
        <test-method status="PASS" signature="runScenario(io.cucumber.testng.PickleWrapper,io.cucumber.testng.FeatureWrapper)[pri:0, instance:testRunner.TestngRunner2extent@78ac1102]" name="runScenario" duration-ms="238" started-at="2022-03-08T16:58:30 IST" description="Runs Cucumber Scenarios" data-provider="scenarios" finished-at="2022-03-08T16:58:30 IST">
          <params>
            <param index="0">
              <value>
                <![CDATA["Title of your scenario"]]>
              </value>
            </param>
            <param index="1">
              <value>
                <![CDATA["Optional[Title of your feature]"]]>
              </value>
            </param>
          </params>
          <reporter-output>
          </reporter-output>
        </test-method> <!-- runScenario -->
        <test-method status="PASS" signature="runScenario(io.cucumber.testng.PickleWrapper,io.cucumber.testng.FeatureWrapper)[pri:0, instance:testRunner.TestngRunner2extent@78ac1102]" name="runScenario" duration-ms="239" started-at="2022-03-08T16:58:30 IST" description="Runs Cucumber Scenarios" data-provider="scenarios" finished-at="2022-03-08T16:58:30 IST">
          <params>
            <param index="0">
              <value>
                <![CDATA["Title of your scenario outline"]]>
              </value>
            </param>
            <param index="1">
              <value>
                <![CDATA["Optional[Title of your feature]"]]>
              </value>
            </param>
          </params>
          <reporter-output>
          </reporter-output>
        </test-method> <!-- runScenario -->
        <test-method status="PASS" signature="runScenario(io.cucumber.testng.PickleWrapper,io.cucumber.testng.FeatureWrapper)[pri:0, instance:testRunner.TestngRunner2extent@78ac1102]" name="runScenario" duration-ms="150" started-at="2022-03-08T16:58:30 IST" description="Runs Cucumber Scenarios" data-provider="scenarios" finished-at="2022-03-08T16:58:30 IST">
          <params>
            <param index="0">
              <value>
                <![CDATA["Title of your scenario outline"]]>
              </value>
            </param>
            <param index="1">
              <value>
                <![CDATA["Optional[Title of your feature]"]]>
              </value>
            </param>
          </params>
          <reporter-output>
          </reporter-output>
        </test-method> <!-- runScenario -->
        <test-method status="PASS" signature="tearDownClass()[pri:0, instance:testRunner.TestngRunner2extent@78ac1102]" name="tearDownClass" is-config="true" duration-ms="2731" started-at="2022-03-08T16:58:30 IST" finished-at="2022-03-08T16:58:33 IST">
          <reporter-output>
          </reporter-output>
        </test-method> <!-- tearDownClass -->
      </class> <!-- testRunner.TestngRunner2extent -->
      <class name="testRunner.TestngRunner">
        <test-method status="PASS" signature="setUpClass(org.testng.ITestContext)[pri:0, instance:testRunner.TestngRunner@3891771e]" name="setUpClass" is-config="true" duration-ms="310" started-at="2022-03-08T16:58:27 IST" finished-at="2022-03-08T16:58:28 IST">
          <params>
            <param index="0">
              <value>
                <![CDATA[org.testng.TestRunner@62dae245]]>
              </value>
            </param>
          </params>
          <reporter-output>
          </reporter-output>
        </test-method> <!-- setUpClass -->
        <test-method status="PASS" signature="runScenario(io.cucumber.testng.PickleWrapper,io.cucumber.testng.FeatureWrapper)[pri:0, instance:testRunner.TestngRunner@3891771e]" name="runScenario" duration-ms="441" started-at="2022-03-08T16:58:28 IST" description="Runs Cucumber Scenarios" data-provider="scenarios" finished-at="2022-03-08T16:58:28 IST">
          <params>
            <param index="0">
              <value>
                <![CDATA["Home page default login"]]>
              </value>
            </param>
            <param index="1">
              <value>
                <![CDATA["Optional[Title of your feature]"]]>
              </value>
            </param>
          </params>
          <reporter-output>
          </reporter-output>
        </test-method> <!-- runScenario -->
        <test-method status="PASS" signature="runScenario(io.cucumber.testng.PickleWrapper,io.cucumber.testng.FeatureWrapper)[pri:0, instance:testRunner.TestngRunner@3891771e]" name="runScenario" duration-ms="455" started-at="2022-03-08T16:58:28 IST" description="Runs Cucumber Scenarios" data-provider="scenarios" finished-at="2022-03-08T16:58:28 IST">
          <params>
            <param index="0">
              <value>
                <![CDATA["Title of your scenario outline"]]>
              </value>
            </param>
            <param index="1">
              <value>
                <![CDATA["Optional[Title of your feature]"]]>
              </value>
            </param>
          </params>
          <reporter-output>
          </reporter-output>
        </test-method> <!-- runScenario -->
        <test-method status="PASS" signature="runScenario(io.cucumber.testng.PickleWrapper,io.cucumber.testng.FeatureWrapper)[pri:0, instance:testRunner.TestngRunner@3891771e]" name="runScenario" duration-ms="463" started-at="2022-03-08T16:58:28 IST" description="Runs Cucumber Scenarios" data-provider="scenarios" finished-at="2022-03-08T16:58:28 IST">
          <params>
            <param index="0">
              <value>
                <![CDATA["Home page default login"]]>
              </value>
            </param>
            <param index="1">
              <value>
                <![CDATA["Optional[Title of your feature]"]]>
              </value>
            </param>
          </params>
          <reporter-output>
          </reporter-output>
        </test-method> <!-- runScenario -->
        <test-method status="PASS" signature="runScenario(io.cucumber.testng.PickleWrapper,io.cucumber.testng.FeatureWrapper)[pri:0, instance:testRunner.TestngRunner@3891771e]" name="runScenario" duration-ms="463" started-at="2022-03-08T16:58:28 IST" description="Runs Cucumber Scenarios" data-provider="scenarios" finished-at="2022-03-08T16:58:28 IST">
          <params>
            <param index="0">
              <value>
                <![CDATA["Home page default login"]]>
              </value>
            </param>
            <param index="1">
              <value>
                <![CDATA["Optional[Title of your feature]"]]>
              </value>
            </param>
          </params>
          <reporter-output>
          </reporter-output>
        </test-method> <!-- runScenario -->
        <test-method status="PASS" signature="runScenario(io.cucumber.testng.PickleWrapper,io.cucumber.testng.FeatureWrapper)[pri:0, instance:testRunner.TestngRunner@3891771e]" name="runScenario" duration-ms="472" started-at="2022-03-08T16:58:28 IST" description="Runs Cucumber Scenarios" data-provider="scenarios" finished-at="2022-03-08T16:58:28 IST">
          <params>
            <param index="0">
              <value>
                <![CDATA["Title of your scenario outline"]]>
              </value>
            </param>
            <param index="1">
              <value>
                <![CDATA["Optional[Title of your feature]"]]>
              </value>
            </param>
          </params>
          <reporter-output>
          </reporter-output>
        </test-method> <!-- runScenario -->
        <test-method status="PASS" signature="runScenario(io.cucumber.testng.PickleWrapper,io.cucumber.testng.FeatureWrapper)[pri:0, instance:testRunner.TestngRunner@3891771e]" name="runScenario" duration-ms="477" started-at="2022-03-08T16:58:28 IST" description="Runs Cucumber Scenarios" data-provider="scenarios" finished-at="2022-03-08T16:58:28 IST">
          <params>
            <param index="0">
              <value>
                <![CDATA["Home page default login"]]>
              </value>
            </param>
            <param index="1">
              <value>
                <![CDATA["Optional[Title of your feature]"]]>
              </value>
            </param>
          </params>
          <reporter-output>
          </reporter-output>
        </test-method> <!-- runScenario -->
        <test-method status="PASS" signature="runScenario(io.cucumber.testng.PickleWrapper,io.cucumber.testng.FeatureWrapper)[pri:0, instance:testRunner.TestngRunner@3891771e]" name="runScenario" duration-ms="446" started-at="2022-03-08T16:58:28 IST" description="Runs Cucumber Scenarios" data-provider="scenarios" finished-at="2022-03-08T16:58:28 IST">
          <params>
            <param index="0">
              <value>
                <![CDATA["Home page default login"]]>
              </value>
            </param>
            <param index="1">
              <value>
                <![CDATA["Optional[Title of your feature]"]]>
              </value>
            </param>
          </params>
          <reporter-output>
          </reporter-output>
        </test-method> <!-- runScenario -->
        <test-method status="PASS" signature="tearDownClass()[pri:0, instance:testRunner.TestngRunner@3891771e]" name="tearDownClass" is-config="true" duration-ms="390" started-at="2022-03-08T16:58:28 IST" finished-at="2022-03-08T16:58:29 IST">
          <reporter-output>
          </reporter-output>
        </test-method> <!-- tearDownClass -->
      </class> <!-- testRunner.TestngRunner -->
      <class name="testRunner.TestngRunnerfailedTS">
        <test-method status="PASS" signature="setUpClass(org.testng.ITestContext)[pri:0, instance:testRunner.TestngRunnerfailedTS@2de8284b]" name="setUpClass" is-config="true" duration-ms="170" started-at="2022-03-08T16:58:33 IST" finished-at="2022-03-08T16:58:33 IST">
          <params>
            <param index="0">
              <value>
                <![CDATA[org.testng.TestRunner@62dae245]]>
              </value>
            </param>
          </params>
          <reporter-output>
          </reporter-output>
        </test-method> <!-- setUpClass -->
        <test-method status="PASS" signature="runScenario(io.cucumber.testng.PickleWrapper,io.cucumber.testng.FeatureWrapper)[pri:0, instance:testRunner.TestngRunnerfailedTS@2de8284b]" name="runScenario" duration-ms="95" started-at="2022-03-08T16:58:33 IST" description="Runs Cucumber Scenarios" data-provider="scenarios" finished-at="2022-03-08T16:58:33 IST">
          <params>
            <param index="0">
              <value>
                <![CDATA["Home page default login"]]>
              </value>
            </param>
            <param index="1">
              <value>
                <![CDATA["Optional[Title of your feature]"]]>
              </value>
            </param>
          </params>
          <reporter-output>
          </reporter-output>
        </test-method> <!-- runScenario -->
        <test-method status="PASS" signature="runScenario(io.cucumber.testng.PickleWrapper,io.cucumber.testng.FeatureWrapper)[pri:0, instance:testRunner.TestngRunnerfailedTS@2de8284b]" name="runScenario" duration-ms="176" started-at="2022-03-08T16:58:33 IST" description="Runs Cucumber Scenarios" data-provider="scenarios" finished-at="2022-03-08T16:58:33 IST">
          <params>
            <param index="0">
              <value>
                <![CDATA["Home page default login"]]>
              </value>
            </param>
            <param index="1">
              <value>
                <![CDATA["Optional[Title of your feature]"]]>
              </value>
            </param>
          </params>
          <reporter-output>
          </reporter-output>
        </test-method> <!-- runScenario -->
        <test-method status="PASS" signature="runScenario(io.cucumber.testng.PickleWrapper,io.cucumber.testng.FeatureWrapper)[pri:0, instance:testRunner.TestngRunnerfailedTS@2de8284b]" name="runScenario" duration-ms="182" started-at="2022-03-08T16:58:33 IST" description="Runs Cucumber Scenarios" data-provider="scenarios" finished-at="2022-03-08T16:58:33 IST">
          <params>
            <param index="0">
              <value>
                <![CDATA["Home page default login"]]>
              </value>
            </param>
            <param index="1">
              <value>
                <![CDATA["Optional[Title of your feature]"]]>
              </value>
            </param>
          </params>
          <reporter-output>
          </reporter-output>
        </test-method> <!-- runScenario -->
        <test-method status="PASS" signature="runScenario(io.cucumber.testng.PickleWrapper,io.cucumber.testng.FeatureWrapper)[pri:0, instance:testRunner.TestngRunnerfailedTS@2de8284b]" name="runScenario" duration-ms="201" started-at="2022-03-08T16:58:33 IST" description="Runs Cucumber Scenarios" data-provider="scenarios" finished-at="2022-03-08T16:58:33 IST">
          <params>
            <param index="0">
              <value>
                <![CDATA["Home page default login"]]>
              </value>
            </param>
            <param index="1">
              <value>
                <![CDATA["Optional[Title of your feature]"]]>
              </value>
            </param>
          </params>
          <reporter-output>
          </reporter-output>
        </test-method> <!-- runScenario -->
        <test-method status="PASS" signature="runScenario(io.cucumber.testng.PickleWrapper,io.cucumber.testng.FeatureWrapper)[pri:0, instance:testRunner.TestngRunnerfailedTS@2de8284b]" name="runScenario" duration-ms="144" started-at="2022-03-08T16:58:33 IST" description="Runs Cucumber Scenarios" data-provider="scenarios" finished-at="2022-03-08T16:58:33 IST">
          <params>
            <param index="0">
              <value>
                <![CDATA["Home page default login"]]>
              </value>
            </param>
            <param index="1">
              <value>
                <![CDATA["Optional[Title of your feature]"]]>
              </value>
            </param>
          </params>
          <reporter-output>
          </reporter-output>
        </test-method> <!-- runScenario -->
        <test-method status="PASS" signature="runScenario(io.cucumber.testng.PickleWrapper,io.cucumber.testng.FeatureWrapper)[pri:0, instance:testRunner.TestngRunnerfailedTS@2de8284b]" name="runScenario" duration-ms="161" started-at="2022-03-08T16:58:33 IST" description="Runs Cucumber Scenarios" data-provider="scenarios" finished-at="2022-03-08T16:58:33 IST">
          <params>
            <param index="0">
              <value>
                <![CDATA["Title of your scenario outline"]]>
              </value>
            </param>
            <param index="1">
              <value>
                <![CDATA["Optional[Title of your feature]"]]>
              </value>
            </param>
          </params>
          <reporter-output>
          </reporter-output>
        </test-method> <!-- runScenario -->
        <test-method status="PASS" signature="runScenario(io.cucumber.testng.PickleWrapper,io.cucumber.testng.FeatureWrapper)[pri:0, instance:testRunner.TestngRunnerfailedTS@2de8284b]" name="runScenario" duration-ms="186" started-at="2022-03-08T16:58:33 IST" description="Runs Cucumber Scenarios" data-provider="scenarios" finished-at="2022-03-08T16:58:33 IST">
          <params>
            <param index="0">
              <value>
                <![CDATA["Title of your scenario outline"]]>
              </value>
            </param>
            <param index="1">
              <value>
                <![CDATA["Optional[Title of your feature]"]]>
              </value>
            </param>
          </params>
          <reporter-output>
          </reporter-output>
        </test-method> <!-- runScenario -->
        <test-method status="PASS" signature="tearDownClass()[pri:0, instance:testRunner.TestngRunnerfailedTS@2de8284b]" name="tearDownClass" is-config="true" duration-ms="125" started-at="2022-03-08T16:58:33 IST" finished-at="2022-03-08T16:58:34 IST">
          <reporter-output>
          </reporter-output>
        </test-method> <!-- tearDownClass -->
      </class> <!-- testRunner.TestngRunnerfailedTS -->
    </test> <!-- Surefire test -->
  </suite> <!-- Surefire suite -->
</testng-results>
