<?xml version="1.0" encoding="UTF-8"?>
<!-- Generated by org.testng.reporters.JUnitXMLReporter -->
<testsuite hostname="DESKTOP-BD50LHC" ignored="0" name="Test" tests="5" failures="0" timestamp="2022-02-25T14:56:09 IST" time="0.164" errors="0">
  <testcase name="testcase01" time="0.013" classname="mavenjava.TestCase"/>
  <testcase name="shouldAnswerWithTrue" time="0.001" classname="mavenjava.AppTest"/>
  <testcase name="shouldAnswerWithTrue1" time="0.001" classname="mavenjava.AppTest"/>
  <testcase name="shouldAnswerWithTrue2" time="0.001" classname="mavenjava.AppTest"/>
  <testcase name="shouldAnswerWithTrue3" time="0.001" classname="mavenjava.AppTest"/>
</testsuite> <!-- Test -->
