<?xml version="1.0" encoding="UTF-8"?>
<testng-results skipped="0" failed="0" ignored="0" total="1" passed="1">
  <reporter-output>
  </reporter-output>
  <suite name="Default suite" duration-ms="40698" started-at="2022-02-25T18:54:05 IST" finished-at="2022-02-25T18:54:45 IST">
    <groups>
    </groups>
    <test name="Default test" duration-ms="40698" started-at="2022-02-25T18:54:05 IST" finished-at="2022-02-25T18:54:45 IST">
      <class name="pkg1.Extentrepoclass">
        <test-method status="PASS" signature="config()[pri:0, instance:pkg1.Extentrepoclass@43bd930a]" name="config" is-config="true" duration-ms="429" started-at="2022-02-25T18:54:05 IST" finished-at="2022-02-25T18:54:05 IST">
          <reporter-output>
          </reporter-output>
        </test-method> <!-- config -->
        <test-method status="PASS" signature="initialDemo()[pri:0, instance:pkg1.Extentrepoclass@43bd930a]" name="initialDemo" duration-ms="40071" started-at="2022-02-25T18:54:05 IST" finished-at="2022-02-25T18:54:45 IST">
          <reporter-output>
          </reporter-output>
        </test-method> <!-- initialDemo -->
      </class> <!-- pkg1.Extentrepoclass -->
    </test> <!-- Default test -->
  </suite> <!-- Default suite -->
</testng-results>
