<?xml version="1.0" encoding="UTF-8"?>
<testsuite xmlns:xsi="http://www.w3.org/2001/XMLSchema-instance" xsi:noNamespaceSchemaLocation="https://maven.apache.org/surefire/maven-surefire-plugin/xsd/surefire-test-report-3.0.xsd" version="3.0" name="TestSuite" time="12.645" tests="33" errors="0" skipped="0" failures="0">
  <properties>
[...]
</properties>
  <testcase name="runScenario[&quot;Home page default login&quot;, &quot;Optional[Title of your feature]&quot;](1)" classname="testRunner.TestngRunner" time="0.499">
    <system-out><![CDATA[
@tag @WebTest
Scenario Outline: Home page default login                         # src/test/java/features/login.feature:64

@tag @WebTest
Scenario: Home page default login                                 # src/test/java/features/login.feature:24

@tag @WebTest
Scenario Outline: Home page default login                         # src/test/java/features/login.feature:65

@tag @tag2
Scenario Outline: Title of your scenario outline         # src/test/java/features/login.feature:96

@tag @tag2
Scenario Outline: Title of your scenario outline         # src/test/java/features/login.feature:95

@tag @WebTest
Scenario Outline: Home page default login                         # src/test/java/features/login.feature:63

@tag @WebTest
Scenario Outline: Home page default login                         # src/test/java/features/login.feature:62
  Given User is on NetBanking landing page                        # stepDefinitions.stepDefination.user_is_on_netbanking_landing_page()
  Given User is on NetBanking landing page                        # stepDefinitions.stepDefination.user_is_on_netbanking_landing_page()
  Given I want to write a step with name2                # stepDefinitions.StepDefinition.i_want_to_write_a_step_with_name1(java.lang.String)
  Given I want to write a step with name1                # stepDefinitions.StepDefinition.i_want_to_write_a_step_with_name1(java.lang.String)
  Given User is on NetBanking landing page                        # stepDefinitions.stepDefination.user_is_on_netbanking_landing_page()
  Given User is on NetBanking landing page                        # stepDefinitions.stepDefination.user_is_on_netbanking_landing_page()
  When I check for the 5 in step                         # stepDefinitions.StepDefinition.i_check_for_the_in_step(java.lang.Integer)
  When User login in to application with user3 and password pass3 # stepDefinitions.stepDefination.user_login_into_application_with_and_password(java.lang.String,java.lang.String)
  When User login into application with "jin" and password "1234" # stepDefinitions.stepDefination.user_login_into_application_with_something_and_password_something(java.lang.String,java.lang.String)
  Given User is on NetBanking landing page                        # stepDefinitions.stepDefination.user_is_on_netbanking_landing_page()
  When User login in to application with user4 and password pass4 # stepDefinitions.stepDefination.user_login_into_application_with_and_password(java.lang.String,java.lang.String)
  Then Home page is populated                                     # stepDefinitions.stepDefination.home_page_is_populated()
  And Cards displayed are "true"                                  # stepDefinitions.stepDefination.cards_displayed_are(java.lang.String)
  When I check for the 7 in step                         # stepDefinitions.StepDefinition.i_check_for_the_in_step(java.lang.Integer)
  Then I verify the success in step                      # stepDefinitions.StepDefinition.i_verify_the_success_in_step(java.lang.String)
  When User login in to application with user2 and password pass2 # stepDefinitions.stepDefination.user_login_into_application_with_and_password(java.lang.String,java.lang.String)
  Then Home page is populated                                     # stepDefinitions.stepDefination.home_page_is_populated()
  And Cards displayed are "true"                                  # stepDefinitions.stepDefination.cards_displayed_are(java.lang.String)
  Then Home page is populated                                     # stepDefinitions.stepDefination.home_page_is_populated()
  Given Login to the url "https://login.salesforce.com/" # stepDefinitions.StepDefinition.login_to_the_url(java.lang.String)
  When Verify the title of page                          # stepDefinitions.StepDefinition.verify_the_title_of_page()
  Then Verify the details                                # stepDefinitions.StepDefinition.verify_the_details(io.cucumber.datatable.DataTable)
    | fname | lname | email            | contact   | country |
    | abcd  | xyz   | abcd.xyz@abc.com | 345666566 | US      |
  Then Enter from City Pune                              # stepDefinitions.StepDefinition.enter_from_city_from_city(java.lang.String)
  And To City Mumbai                                     # stepDefinitions.StepDefinition.to_city_to_city(java.lang.String)
  Then Click on Search button                            # stepDefinitions.StepDefinition.click_on_search_button()
  Then Home page is populated                                     # stepDefinitions.stepDefination.home_page_is_populated()
  And Cards displayed are "true"                                  # stepDefinitions.stepDefination.cards_displayed_are(java.lang.String)
  When User login in to application with user1 and password pass1 # stepDefinitions.stepDefination.user_login_into_application_with_and_password(java.lang.String,java.lang.String)
  Then Home page is populated                                     # stepDefinitions.stepDefination.home_page_is_populated()
  And Cards displayed are "true"                                  # stepDefinitions.stepDefination.cards_displayed_are(java.lang.String)
]]></system-out>
    <system-err><![CDATA[Mar 08, 2022 4:58:26 PM io.cucumber.core.runtime.FeaturePathFeatureSupplier get
WARNING: Got no path to feature directory or feature file
┌───────────────────────────────────────────────────────────────────────────────────┐
│ Share your Cucumber Report with your team at https://reports.cucumber.io          │
│ Activate publishing with one of the following:                                    │
│                                                                                   │
│ src/test/resources/cucumber.properties:          cucumber.publish.enabled=true    │
│ src/test/resources/junit-platform.properties:    cucumber.publish.enabled=true    │
│ Environment variable:                            CUCUMBER_PUBLISH_ENABLED=true    │
│ JUnit:                                           @CucumberOptions(publish = true) │
│                                                                                   │
│ More information at https://cucumber.io/docs/cucumber/environment-variables/      │
│                                                                                   │
│ Disable this message with one of the following:                                   │
│                                                                                   │
│ src/test/resources/cucumber.properties:          cucumber.publish.quiet=true      │
│ src/test/resources/junit-platform.properties:    cucumber.publish.quiet=true      │
└───────────────────────────────────────────────────────────────────────────────────┘
]]></system-err>
  </testcase>
  <testcase name="runScenario[&quot;Title of your scenario outline&quot;, &quot;Optional[Title of your feature]&quot;](3)" classname="testRunner.TestngRunner" time="0.502">
    <system-out><![CDATA[  Then Close the browser                                 # stepDefinitions.StepDefinition.close_the_browser()
]]></system-out>
  </testcase>
  <testcase name="runScenario[&quot;Home page default login&quot;, &quot;Optional[Title of your feature]&quot;](2)" classname="testRunner.TestngRunner" time="0.502"/>
  <testcase name="runScenario[&quot;Home page default login&quot;, &quot;Optional[Title of your feature]&quot;](4)" classname="testRunner.TestngRunner" time="0.502"/>
  <testcase name="runScenario[&quot;Home page default login&quot;, &quot;Optional[Title of your feature]&quot;](5)" classname="testRunner.TestngRunner" time="0.502"/>
  <testcase name="runScenario[&quot;Title of your scenario outline&quot;, &quot;Optional[Title of your feature]&quot;](6)" classname="testRunner.TestngRunner" time="0.508">
    <system-out><![CDATA[  Then I verify the Fail in step                         # stepDefinitions.StepDefinition.i_verify_the_success_in_step(java.lang.String)
  Given Login to the url "https://login.salesforce.com/" # stepDefinitions.StepDefinition.login_to_the_url(java.lang.String)
  When Verify the title of page                          # stepDefinitions.StepDefinition.verify_the_title_of_page()
  Then Verify the details                                # stepDefinitions.StepDefinition.verify_the_details(io.cucumber.datatable.DataTable)
    | fname | lname | email            | contact   | country |
    | abcd  | xyz   | abcd.xyz@abc.com | 345666566 | US      |
  Then Enter from City Mumbai                            # stepDefinitions.StepDefinition.enter_from_city_from_city(java.lang.String)
  And To City Pune                                       # stepDefinitions.StepDefinition.to_city_to_city(java.lang.String)
  Then Click on Search button                            # stepDefinitions.StepDefinition.click_on_search_button()
  Then Close the browser                                 # stepDefinitions.StepDefinition.close_the_browser()
]]></system-out>
  </testcase>
  <testcase name="runScenario[&quot;Home page default login&quot;, &quot;Optional[Title of your feature]&quot;](7)" classname="testRunner.TestngRunner" time="0.509">
    <system-out><![CDATA[  And Cards displayed are "true"                                  # stepDefinitions.stepDefination.cards_displayed_are(java.lang.String)
]]></system-out>
  </testcase>
  <testcase name="runScenario[&quot;Home page default login&quot;, &quot;Optional[Portal Login]&quot;](1)" classname="testRunner.TestngRunner2extent" time="0.386">
    <system-out><![CDATA[
@PortalTest
Scenario: Home page default login                                 # src/test/java/features/Account.feature:9
  Given validate the browser                                      # stepDefinitions.stepDefination.validate_the_browser()

@PortalTest
Scenario: Home page default login                                  # src/test/java/features/Account.feature:23
  When Browser is triggered                                       # stepDefinitions.stepDefination.browser_is_triggered()
  Then check if browser is started                                # stepDefinitions.stepDefination.check_if_browser_is_started()
  Given User is on NetBanking landing page                        # stepDefinitions.stepDefination.user_is_on_netbanking_landing_page()

@tag @WebTest
Scenario: Home page default login                                 # src/test/java/features/login.feature:24
  Given validate the browser                                       # stepDefinitions.stepDefination.validate_the_browser()
  When User login into application with "jin" and password "1234" # stepDefinitions.stepDefination.user_login_into_application_with_something_and_password_something(java.lang.String,java.lang.String)
  Given User is on NetBanking landing page                        # stepDefinitions.stepDefination.user_is_on_netbanking_landing_page()
  Then Home page is populated                                     # stepDefinitions.stepDefination.home_page_is_populated()
  When Browser is triggered                                        # stepDefinitions.stepDefination.browser_is_triggered()
  Then check if browser is started                                 # stepDefinitions.stepDefination.check_if_browser_is_started()
  Given User is on NetBanking landing page                         # stepDefinitions.stepDefination.user_is_on_netbanking_landing_page()
  When User login into application with "john" and password "4321" # stepDefinitions.stepDefination.user_login_into_application_with_something_and_password_something(java.lang.String,java.lang.String)
  Then Home page is populated                                      # stepDefinitions.stepDefination.home_page_is_populated()
  And Cards displayed are "false"                                  # stepDefinitions.stepDefination.cards_displayed_are(java.lang.String)
]]></system-out>
    <system-err><![CDATA[┌───────────────────────────────────────────────────────────────────────────────────┐
│ Share your Cucumber Report with your team at https://reports.cucumber.io          │
│ Activate publishing with one of the following:                                    │
│                                                                                   │
│ src/test/resources/cucumber.properties:          cucumber.publish.enabled=true    │
│ src/test/resources/junit-platform.properties:    cucumber.publish.enabled=true    │
│ Environment variable:                            CUCUMBER_PUBLISH_ENABLED=true    │
│ JUnit:                                           @CucumberOptions(publish = true) │
│                                                                                   │
│ More information at https://cucumber.io/docs/cucumber/environment-variables/      │
│                                                                                   │
│ Disable this message with one of the following:                                   │
│                                                                                   │
│ src/test/resources/cucumber.properties:          cucumber.publish.quiet=true      │
│ src/test/resources/junit-platform.properties:    cucumber.publish.quiet=true      │
└───────────────────────────────────────────────────────────────────────────────────┘
]]></system-err>
  </testcase>
  <testcase name="runScenario[&quot;Home page default login&quot;, &quot;Optional[Portal Login]&quot;](2)" classname="testRunner.TestngRunner2extent" time="0.036">
    <system-out><![CDATA[
@PortalTest
Scenario: Home page default login          # src/test/java/features/Account.feature:29
  Given validate the browser               # stepDefinitions.stepDefination.validate_the_browser()
  When Browser is triggered                # stepDefinitions.stepDefination.browser_is_triggered()
  Then check if browser is started         # stepDefinitions.stepDefination.check_if_browser_is_started()
  And Cards displayed are "true"                                  # stepDefinitions.stepDefination.cards_displayed_are(java.lang.String)
  When User login into application with "jin" and password "1234" # stepDefinitions.stepDefination.user_login_into_application_with_something_and_password_something(java.lang.String,java.lang.String)

@PortalTest
Scenario: Home page default login                                  # src/test/java/features/Account.feature:16
  Given validate the browser                                       # stepDefinitions.stepDefination.validate_the_browser()

@tag @MobileTest
Scenario: Home page default login                                  # src/test/java/features/login.feature:31
]]></system-out>
  </testcase>
  <testcase name="runScenario[&quot;Home page default login&quot;, &quot;Optional[Title of your feature]&quot;](3)" classname="testRunner.TestngRunner2extent" time="0.103">
    <system-out><![CDATA[  Then Home page is populated                                     # stepDefinitions.stepDefination.home_page_is_populated()
  Given User is on NetBanking landing page                         # stepDefinitions.stepDefination.user_is_on_netbanking_landing_page()
  When User login into application with "john" and password "4321" # stepDefinitions.stepDefination.user_login_into_application_with_something_and_password_something(java.lang.String,java.lang.String)
  Given User is on NetBanking landing page # stepDefinitions.stepDefination.user_is_on_netbanking_landing_page()
  When Browser is triggered                                        # stepDefinitions.stepDefination.browser_is_triggered()
  And Cards displayed are "true"                                  # stepDefinitions.stepDefination.cards_displayed_are(java.lang.String)

Scenario Outline: Home page default login                         # src/test/java/features/Account.feature:48
]]></system-out>
  </testcase>
  <testcase name="runScenario[&quot;Home page default login&quot;, &quot;Optional[Portal Login]&quot;](4)" classname="testRunner.TestngRunner2extent" time="0.068">
    <system-out><![CDATA[  Given validate the browser                                      # stepDefinitions.stepDefination.validate_the_browser()
  When Browser is triggered                                       # stepDefinitions.stepDefination.browser_is_triggered()
  When User sign up with following details # stepDefinitions.stepDefination.user_sign_up_with_following_details(io.cucumber.datatable.DataTable)
    | jenny | abcd | john@abcd.com | Australia | 3242353 |
  Then Home page is populated                                      # stepDefinitions.stepDefination.home_page_is_populated()
  And Cards displayed are "false"                                  # stepDefinitions.stepDefination.cards_displayed_are(java.lang.String)
  Then check if browser is started                                # stepDefinitions.stepDefination.check_if_browser_is_started()
  Then check if browser is started                                 # stepDefinitions.stepDefination.check_if_browser_is_started()

Scenario Outline: Home page default login                         # src/test/java/features/Account.feature:46
  Given validate the browser                                      # stepDefinitions.stepDefination.validate_the_browser()
  Given User is on NetBanking landing page                        # stepDefinitions.stepDefination.user_is_on_netbanking_landing_page()
  Then Home page is populated              # stepDefinitions.stepDefination.home_page_is_populated()
  When User login in to application with user3 and password pass3 # stepDefinitions.stepDefination.user_login_into_application_with_and_password(java.lang.String,java.lang.String)
  Given User is on NetBanking landing page                         # stepDefinitions.stepDefination.user_is_on_netbanking_landing_page()
  When User login into application with "john" and password "4321" # stepDefinitions.stepDefination.user_login_into_application_with_something_and_password_something(java.lang.String,java.lang.String)

@tag @MobileTest
Scenario: Home page default login          # src/test/java/features/login.feature:44

Scenario Outline: Home page default login                         # src/test/java/features/Account.feature:49
  Then Home page is populated                                      # stepDefinitions.stepDefination.home_page_is_populated()
  Then Home page is populated                                     # stepDefinitions.stepDefination.home_page_is_populated()

@tag @WebTest
Scenario Outline: Home page default login                         # src/test/java/features/login.feature:62
  And Cards displayed are "false"          # stepDefinitions.stepDefination.cards_displayed_are(java.lang.String)
]]></system-out>
  </testcase>
  <testcase name="runScenario[&quot;Home page default login&quot;, &quot;Optional[Title of your feature]&quot;](5)" classname="testRunner.TestngRunner2extent" time="0.03">
    <system-out><![CDATA[  When Browser is triggered                                       # stepDefinitions.stepDefination.browser_is_triggered()
  Given validate the browser                                      # stepDefinitions.stepDefination.validate_the_browser()
  And Cards displayed are "false"                                  # stepDefinitions.stepDefination.cards_displayed_are(java.lang.String)
  Given User is on NetBanking landing page # stepDefinitions.stepDefination.user_is_on_netbanking_landing_page()

@tag @WebTest
Scenario Outline: Home page default login                         # src/test/java/features/login.feature:63
  Given User is on NetBanking landing page                        # stepDefinitions.stepDefination.user_is_on_netbanking_landing_page()
  When User login in to application with user2 and password pass2 # stepDefinitions.stepDefination.user_login_into_application_with_and_password(java.lang.String,java.lang.String)
]]></system-out>
  </testcase>
  <testcase name="runScenario[&quot;Home page default login&quot;, &quot;Optional[Portal Login]&quot;](6)" classname="testRunner.TestngRunner2extent" time="0"/>
  <testcase name="runScenario[&quot;Home page default login&quot;, &quot;Optional[Portal Login]&quot;](7)" classname="testRunner.TestngRunner2extent" time="0.025">
    <system-out><![CDATA[  When Browser is triggered                                       # stepDefinitions.stepDefination.browser_is_triggered()
  Then check if browser is started                                # stepDefinitions.stepDefination.check_if_browser_is_started()
  Then Home page is populated                                     # stepDefinitions.stepDefination.home_page_is_populated()

@tag @SmokeTest
Scenario: Home page default login                                  # src/test/java/features/login.feature:38

Scenario Outline: Home page default login                         # src/test/java/features/Account.feature:47
  And Cards displayed are "true"                                  # stepDefinitions.stepDefination.cards_displayed_are(java.lang.String)
  When User sign up with following details # stepDefinitions.stepDefination.user_sign_up_with_following_details(io.cucumber.datatable.DataTable)
    | jenny | abcd | john@abcd.com | Australia | 3242353 |
  Given User is on NetBanking landing page                         # stepDefinitions.stepDefination.user_is_on_netbanking_landing_page()
  And Cards displayed are "true"                                  # stepDefinitions.stepDefination.cards_displayed_are(java.lang.String)
  Given User is on NetBanking landing page                        # stepDefinitions.stepDefination.user_is_on_netbanking_landing_page()
  When User login in to application with user1 and password pass1 # stepDefinitions.stepDefination.user_login_into_application_with_and_password(java.lang.String,java.lang.String)
]]></system-out>
  </testcase>
  <testcase name="runScenario[&quot;Home page default login&quot;, &quot;Optional[Title of your feature]&quot;](8)" classname="testRunner.TestngRunner2extent" time="0.041">
    <system-out><![CDATA[  Then check if browser is started                                # stepDefinitions.stepDefination.check_if_browser_is_started()
  When User login into application with "john" and password "4321" # stepDefinitions.stepDefination.user_login_into_application_with_something_and_password_something(java.lang.String,java.lang.String)
  Given validate the browser                                      # stepDefinitions.stepDefination.validate_the_browser()
  When Browser is triggered                                       # stepDefinitions.stepDefination.browser_is_triggered()
  Then Home page is populated                                      # stepDefinitions.stepDefination.home_page_is_populated()
  Then Home page is populated                                     # stepDefinitions.stepDefination.home_page_is_populated()
  Then check if browser is started                                # stepDefinitions.stepDefination.check_if_browser_is_started()
  Given User is on NetBanking landing page                        # stepDefinitions.stepDefination.user_is_on_netbanking_landing_page()
  Then Home page is populated              # stepDefinitions.stepDefination.home_page_is_populated()
  And Cards displayed are "false"                                  # stepDefinitions.stepDefination.cards_displayed_are(java.lang.String)
  And Cards displayed are "false"          # stepDefinitions.stepDefination.cards_displayed_are(java.lang.String)
  Given User is on NetBanking landing page                        # stepDefinitions.stepDefination.user_is_on_netbanking_landing_page()
  Given User is on NetBanking landing page                        # stepDefinitions.stepDefination.user_is_on_netbanking_landing_page()
  And Cards displayed are "true"                                  # stepDefinitions.stepDefination.cards_displayed_are(java.lang.String)
  When User login in to application with user2 and password pass2 # stepDefinitions.stepDefination.user_login_into_application_with_and_password(java.lang.String,java.lang.String)
]]></system-out>
  </testcase>
  <testcase name="runScenario[&quot;Home page default login&quot;, &quot;Optional[Portal Login]&quot;](9)" classname="testRunner.TestngRunner2extent" time="0.002">
    <system-out><![CDATA[  When User login in to application with user4 and password pass4 # stepDefinitions.stepDefination.user_login_into_application_with_and_password(java.lang.String,java.lang.String)
  Then Home page is populated                                     # stepDefinitions.stepDefination.home_page_is_populated()
  And Cards displayed are "true"                                  # stepDefinitions.stepDefination.cards_displayed_are(java.lang.String)
]]></system-out>
  </testcase>
  <testcase name="runScenario[&quot;Home page default login&quot;, &quot;Optional[Portal Login]&quot;](10)" classname="testRunner.TestngRunner2extent" time="0.052">
    <system-out><![CDATA[  Then Home page is populated                                     # stepDefinitions.stepDefination.home_page_is_populated()
  And Cards displayed are "true"                                  # stepDefinitions.stepDefination.cards_displayed_are(java.lang.String)
]]></system-out>
  </testcase>
  <testcase name="runScenario[&quot;Home page default login&quot;, &quot;Optional[Title of your feature]&quot;](11)" classname="testRunner.TestngRunner2extent" time="0.068">
    <system-out><![CDATA[  When User login in to application with user1 and password pass1 # stepDefinitions.stepDefination.user_login_into_application_with_and_password(java.lang.String,java.lang.String)
  Then Home page is populated                                     # stepDefinitions.stepDefination.home_page_is_populated()
  And Cards displayed are "true"                                  # stepDefinitions.stepDefination.cards_displayed_are(java.lang.String)
]]></system-out>
  </testcase>
  <testcase name="runScenario[&quot;Home page default login&quot;, &quot;Optional[Title of your feature]&quot;](12)" classname="testRunner.TestngRunner2extent" time="0.068"/>
  <testcase name="runScenario[&quot;Home page default login&quot;, &quot;Optional[Portal Login]&quot;](13)" classname="testRunner.TestngRunner2extent" time="0.068"/>
  <testcase name="runScenario[&quot;Home page default login&quot;, &quot;Optional[Title of your feature]&quot;](14)" classname="testRunner.TestngRunner2extent" time="0.068"/>
  <testcase name="runScenario[&quot;Title of your scenario outline&quot;, &quot;Optional[Title of your feature]&quot;](15)" classname="testRunner.TestngRunner2extent" time="0.167">
    <system-out><![CDATA[
@tag @tag2
Scenario Outline: Title of your scenario outline         # src/test/java/features/login.feature:96
  Given I want to write a step with name2                # stepDefinitions.StepDefinition.i_want_to_write_a_step_with_name1(java.lang.String)
  When I check for the 7 in step                         # stepDefinitions.StepDefinition.i_check_for_the_in_step(java.lang.Integer)
  Then I verify the Fail in step                         # stepDefinitions.StepDefinition.i_verify_the_success_in_step(java.lang.String)
  Given Login to the url "https://login.salesforce.com/" # stepDefinitions.StepDefinition.login_to_the_url(java.lang.String)
  When Verify the title of page                          # stepDefinitions.StepDefinition.verify_the_title_of_page()
  Then Verify the details                                # stepDefinitions.StepDefinition.verify_the_details(io.cucumber.datatable.DataTable)
    | fname | lname | email            | contact   | country |
    | abcd  | xyz   | abcd.xyz@abc.com | 345666566 | US      |
  Then Enter from City Mumbai                            # stepDefinitions.StepDefinition.enter_from_city_from_city(java.lang.String)
  And To City Pune                                       # stepDefinitions.StepDefinition.to_city_to_city(java.lang.String)
  Then Click on Search button                            # stepDefinitions.StepDefinition.click_on_search_button()
  Then Close the browser                                 # stepDefinitions.StepDefinition.close_the_browser()
]]></system-out>
  </testcase>
  <testcase name="runScenario[&quot;Home page default login&quot;, &quot;Optional[Title of your feature]&quot;](17)" classname="testRunner.TestngRunner2extent" time="0.217">
    <system-out><![CDATA[
@tag @tag1
Scenario: Title of your scenario                 # src/test/java/features/login.feature:68
  Given I want to write a step with precondition # stepDefinitions.StepDefinition.i_want_to_write_a_step_with_name1(java.lang.String)

@tag @tag2
Scenario Outline: Title of your scenario outline         # src/test/java/features/login.feature:95
  And some other precondition                    # stepDefinitions.StepDefinition.some_other_precondition()

@tag @WebTest
Scenario Outline: Home page default login                         # src/test/java/features/login.feature:64

@tag @WebTest
Scenario Outline: Home page default login                         # src/test/java/features/login.feature:65
  Given User is on NetBanking landing page                        # stepDefinitions.stepDefination.user_is_on_netbanking_landing_page()
  When User login in to application with user4 and password pass4 # stepDefinitions.stepDefination.user_login_into_application_with_and_password(java.lang.String,java.lang.String)
  Given I want to write a step with name1                # stepDefinitions.StepDefinition.i_want_to_write_a_step_with_name1(java.lang.String)
  When I complete action "abcd"                  # stepDefinitions.StepDefinition.i_complete_action(java.lang.String)
  Then Home page is populated                                     # stepDefinitions.stepDefination.home_page_is_populated()
  When I check for the 5 in step                         # stepDefinitions.StepDefinition.i_check_for_the_in_step(java.lang.Integer)
  And some other action                          # stepDefinitions.StepDefinition.some_other_action()
  Given User is on NetBanking landing page                        # stepDefinitions.stepDefination.user_is_on_netbanking_landing_page()
  Then I verify the success in step                      # stepDefinitions.StepDefinition.i_verify_the_success_in_step(java.lang.String)
  And yet another action                         # stepDefinitions.StepDefinition.yet_another_action()
  Then I validate the outcomes                   # stepDefinitions.StepDefinition.i_validate_the_outcomes()
  And check more outcomes                        # stepDefinitions.StepDefinition.check_more_outcomes()
  And Cards displayed are "true"                                  # stepDefinitions.stepDefination.cards_displayed_are(java.lang.String)
]]></system-out>
  </testcase>
  <testcase name="runScenario[&quot;Title of your scenario&quot;, &quot;Optional[Title of your feature]&quot;](16)" classname="testRunner.TestngRunner2extent" time="0.217"/>
  <testcase name="runScenario[&quot;Title of your scenario outline&quot;, &quot;Optional[Title of your feature]&quot;](18)" classname="testRunner.TestngRunner2extent" time="0.327">
    <system-out><![CDATA[  Given Login to the url "https://login.salesforce.com/" # stepDefinitions.StepDefinition.login_to_the_url(java.lang.String)
  When Verify the title of page                          # stepDefinitions.StepDefinition.verify_the_title_of_page()
  Then Verify the details                                # stepDefinitions.StepDefinition.verify_the_details(io.cucumber.datatable.DataTable)
    | fname | lname | email            | contact   | country |
    | abcd  | xyz   | abcd.xyz@abc.com | 345666566 | US      |
  Then Enter from City Pune                              # stepDefinitions.StepDefinition.enter_from_city_from_city(java.lang.String)
  And To City Mumbai                                     # stepDefinitions.StepDefinition.to_city_to_city(java.lang.String)
  Then Click on Search button                            # stepDefinitions.StepDefinition.click_on_search_button()
  Then Close the browser                                 # stepDefinitions.StepDefinition.close_the_browser()
]]></system-out>
  </testcase>
  <testcase name="runScenario[&quot;Home page default login&quot;, &quot;Optional[Title of your feature]&quot;](19)" classname="testRunner.TestngRunner2extent" time="0.328">
    <system-out><![CDATA[  When User login in to application with user3 and password pass3 # stepDefinitions.stepDefination.user_login_into_application_with_and_password(java.lang.String,java.lang.String)
  Then Home page is populated                                     # stepDefinitions.stepDefination.home_page_is_populated()
  And Cards displayed are "true"                                  # stepDefinitions.stepDefination.cards_displayed_are(java.lang.String)
]]></system-out>
  </testcase>
  <testcase name="runScenario[&quot;Home page default login&quot;, &quot;Optional[Title of your feature]&quot;](1)" classname="testRunner.TestngRunnerfailedTS" time="0.096">
    <system-out><![CDATA[
@tag @WebTest
Scenario Outline: Home page default login                         # src/test/java/features/login.feature:64
  Given User is on NetBanking landing page                        # stepDefinitions.stepDefination.user_is_on_netbanking_landing_page()
  When User login in to application with user3 and password pass3 # stepDefinitions.stepDefination.user_login_into_application_with_and_password(java.lang.String,java.lang.String)
  Then Home page is populated                                     # stepDefinitions.stepDefination.home_page_is_populated()
  And Cards displayed are "true"                                  # stepDefinitions.stepDefination.cards_displayed_are(java.lang.String)
]]></system-out>
    <system-err><![CDATA[┌───────────────────────────────────────────────────────────────────────────────────┐
│ Share your Cucumber Report with your team at https://reports.cucumber.io          │
│ Activate publishing with one of the following:                                    │
│                                                                                   │
│ src/test/resources/cucumber.properties:          cucumber.publish.enabled=true    │
│ src/test/resources/junit-platform.properties:    cucumber.publish.enabled=true    │
│ Environment variable:                            CUCUMBER_PUBLISH_ENABLED=true    │
│ JUnit:                                           @CucumberOptions(publish = true) │
│                                                                                   │
│ More information at https://cucumber.io/docs/cucumber/environment-variables/      │
│                                                                                   │
│ Disable this message with one of the following:                                   │
│                                                                                   │
│ src/test/resources/cucumber.properties:          cucumber.publish.quiet=true      │
│ src/test/resources/junit-platform.properties:    cucumber.publish.quiet=true      │
└───────────────────────────────────────────────────────────────────────────────────┘
]]></system-err>
  </testcase>
  <testcase name="runScenario[&quot;Home page default login&quot;, &quot;Optional[Title of your feature]&quot;](2)" classname="testRunner.TestngRunnerfailedTS" time="0.153">
    <system-out><![CDATA[
@tag @WebTest
Scenario Outline: Home page default login                         # src/test/java/features/login.feature:63
  Given User is on NetBanking landing page                        # stepDefinitions.stepDefination.user_is_on_netbanking_landing_page()
  When User login in to application with user2 and password pass2 # stepDefinitions.stepDefination.user_login_into_application_with_and_password(java.lang.String,java.lang.String)
  Then Home page is populated                                     # stepDefinitions.stepDefination.home_page_is_populated()
  And Cards displayed are "true"                                  # stepDefinitions.stepDefination.cards_displayed_are(java.lang.String)
]]></system-out>
  </testcase>
  <testcase name="runScenario[&quot;Title of your scenario outline&quot;, &quot;Optional[Title of your feature]&quot;](3)" classname="testRunner.TestngRunnerfailedTS" time="0.164">
    <system-out><![CDATA[
@tag @tag2
Scenario Outline: Title of your scenario outline         # src/test/java/features/login.feature:96
  Given I want to write a step with name2                # stepDefinitions.StepDefinition.i_want_to_write_a_step_with_name1(java.lang.String)
  When I check for the 7 in step                         # stepDefinitions.StepDefinition.i_check_for_the_in_step(java.lang.Integer)
  Then I verify the Fail in step                         # stepDefinitions.StepDefinition.i_verify_the_success_in_step(java.lang.String)
  Given Login to the url "https://login.salesforce.com/" # stepDefinitions.StepDefinition.login_to_the_url(java.lang.String)
  When Verify the title of page                          # stepDefinitions.StepDefinition.verify_the_title_of_page()
  Then Verify the details                                # stepDefinitions.StepDefinition.verify_the_details(io.cucumber.datatable.DataTable)
    | fname | lname | email            | contact   | country |
    | abcd  | xyz   | abcd.xyz@abc.com | 345666566 | US      |
  Then Enter from City Mumbai                            # stepDefinitions.StepDefinition.enter_from_city_from_city(java.lang.String)
  And To City Pune                                       # stepDefinitions.StepDefinition.to_city_to_city(java.lang.String)
  Then Click on Search button                            # stepDefinitions.StepDefinition.click_on_search_button()
  Then Close the browser                                 # stepDefinitions.StepDefinition.close_the_browser()
]]></system-out>
  </testcase>
  <testcase name="runScenario[&quot;Home page default login&quot;, &quot;Optional[Title of your feature]&quot;](4)" classname="testRunner.TestngRunnerfailedTS" time="0.167">
    <system-out><![CDATA[
@tag @WebTest
Scenario: Home page default login                                 # src/test/java/features/login.feature:24
  Given User is on NetBanking landing page                        # stepDefinitions.stepDefination.user_is_on_netbanking_landing_page()
  When User login into application with "jin" and password "1234" # stepDefinitions.stepDefination.user_login_into_application_with_something_and_password_something(java.lang.String,java.lang.String)
  Then Home page is populated                                     # stepDefinitions.stepDefination.home_page_is_populated()
  And Cards displayed are "true"                                  # stepDefinitions.stepDefination.cards_displayed_are(java.lang.String)
]]></system-out>
  </testcase>
  <testcase name="runScenario[&quot;Home page default login&quot;, &quot;Optional[Title of your feature]&quot;](5)" classname="testRunner.TestngRunnerfailedTS" time="0.178">
    <system-out><![CDATA[
@tag @WebTest
Scenario Outline: Home page default login                         # src/test/java/features/login.feature:62
  Given User is on NetBanking landing page                        # stepDefinitions.stepDefination.user_is_on_netbanking_landing_page()
  When User login in to application with user1 and password pass1 # stepDefinitions.stepDefination.user_login_into_application_with_and_password(java.lang.String,java.lang.String)
  Then Home page is populated                                     # stepDefinitions.stepDefination.home_page_is_populated()
  And Cards displayed are "true"                                  # stepDefinitions.stepDefination.cards_displayed_are(java.lang.String)
]]></system-out>
  </testcase>
  <testcase name="runScenario[&quot;Title of your scenario outline&quot;, &quot;Optional[Title of your feature]&quot;](6)" classname="testRunner.TestngRunnerfailedTS" time="0.192">
    <system-out><![CDATA[
@tag @tag2
Scenario Outline: Title of your scenario outline         # src/test/java/features/login.feature:95
  Given I want to write a step with name1                # stepDefinitions.StepDefinition.i_want_to_write_a_step_with_name1(java.lang.String)
  When I check for the 5 in step                         # stepDefinitions.StepDefinition.i_check_for_the_in_step(java.lang.Integer)
  Then I verify the success in step                      # stepDefinitions.StepDefinition.i_verify_the_success_in_step(java.lang.String)
  Given Login to the url "https://login.salesforce.com/" # stepDefinitions.StepDefinition.login_to_the_url(java.lang.String)
  When Verify the title of page                          # stepDefinitions.StepDefinition.verify_the_title_of_page()
  Then Verify the details                                # stepDefinitions.StepDefinition.verify_the_details(io.cucumber.datatable.DataTable)
    | fname | lname | email            | contact   | country |
    | abcd  | xyz   | abcd.xyz@abc.com | 345666566 | US      |
  Then Enter from City Pune                              # stepDefinitions.StepDefinition.enter_from_city_from_city(java.lang.String)
  And To City Mumbai                                     # stepDefinitions.StepDefinition.to_city_to_city(java.lang.String)
  Then Click on Search button                            # stepDefinitions.StepDefinition.click_on_search_button()
  Then Close the browser                                 # stepDefinitions.StepDefinition.close_the_browser()
]]></system-out>
  </testcase>
  <testcase name="runScenario[&quot;Home page default login&quot;, &quot;Optional[Title of your feature]&quot;](7)" classname="testRunner.TestngRunnerfailedTS" time="0.195">
    <system-out><![CDATA[
@tag @WebTest
Scenario Outline: Home page default login                         # src/test/java/features/login.feature:65
  Given User is on NetBanking landing page                        # stepDefinitions.stepDefination.user_is_on_netbanking_landing_page()
  When User login in to application with user4 and password pass4 # stepDefinitions.stepDefination.user_login_into_application_with_and_password(java.lang.String,java.lang.String)
  Then Home page is populated                                     # stepDefinitions.stepDefination.home_page_is_populated()
  And Cards displayed are "true"                                  # stepDefinitions.stepDefination.cards_displayed_are(java.lang.String)
]]></system-out>
  </testcase>
</testsuite>