<?xml version="1.0" encoding="UTF-8"?>
<!-- Generated by org.testng.reporters.JUnitXMLReporter -->
<testsuite hostname="DESKTOP-BD50LHC" ignored="0" name="Surefire test" tests="10" failures="0" timestamp="2022-02-24T17:14:49 IST" time="0.142" errors="0">
  <testcase name="shouldAnswerWithTrue" time="0.009" classname="mavenjava.AppTest"/>
  <testcase name="shouldAnswerWithTrue1" time="0.001" classname="mavenjava.AppTest"/>
  <testcase name="shouldAnswerWithTrue2" time="0.001" classname="mavenjava.AppTest"/>
  <testcase name="shouldAnswerWithTrue3" time="0.0" classname="mavenjava.AppTest"/>
  <testcase name="shouldAnswerWithTrue2" time="0.0" classname="mavenjava.MobileTest"/>
  <testcase name="shouldAnswerWithTrue3" time="0.001" classname="mavenjava.MobileTest"/>
  <testcase name="demo" time="0.001" classname="mavenjava.RegisterTest"/>
  <testcase name="demo1" time="0.001" classname="mavenjava.RegisterTest"/>
  <testcase name="demo2" time="0.002" classname="mavenjava.RegisterTest"/>
  <testcase name="testcase01" time="0.001" classname="mavenjava.TestCase"/>
</testsuite> <!-- Surefire test -->
