<?xml version="1.0" encoding="UTF-8"?>
<testng-results skipped="0" failed="0" ignored="0" total="2" passed="2">
  <reporter-output>
  </reporter-output>
  <suite name="Suite" duration-ms="137" started-at="2022-02-24T19:22:10 IST" finished-at="2022-02-24T19:22:10 IST">
    <groups>
    </groups>
    <test name="Test" duration-ms="137" started-at="2022-02-24T19:22:10 IST" finished-at="2022-02-24T19:22:10 IST">
      <class name="mavenjava.Login">
        <test-method status="PASS" signature="shouldAnswerWithTrue2()[pri:0, instance:mavenjava.Login@587d1d39]" name="shouldAnswerWithTrue2" duration-ms="17" started-at="2022-02-24T19:22:10 IST" finished-at="2022-02-24T19:22:10 IST">
          <reporter-output>
          </reporter-output>
        </test-method> <!-- shouldAnswerWithTrue2 -->
        <test-method status="PASS" signature="shouldAnswerWithTrue3()[pri:0, instance:mavenjava.Login@587d1d39]" name="shouldAnswerWithTrue3" duration-ms="2" started-at="2022-02-24T19:22:10 IST" finished-at="2022-02-24T19:22:10 IST">
          <reporter-output>
          </reporter-output>
        </test-method> <!-- shouldAnswerWithTrue3 -->
      </class> <!-- mavenjava.Login -->
    </test> <!-- Test -->
  </suite> <!-- Suite -->
</testng-results>
