<?xml version="1.0" encoding="UTF-8"?>
<!-- Generated by org.testng.reporters.JUnitReportReporter -->
<testsuite skipped="0" hostname="DESKTOP-BD50LHC" name="testrunnerFiles.TestNGTestRunner" tests="3" failures="1" timestamp="2022-03-09T14:19:16 IST" time="91.981" errors="0">
  <testcase name="runScenario" time="31.283" classname="testrunnerFiles.TestNGTestRunner">
    <failure type="java.lang.AssertionError" message="expected [Beetroot] but found [No data]">
      <![CDATA[java.lang.AssertionError: expected [Beetroot] but found [No data]
at org.testng.Assert.fail(Assert.java:99)
at org.testng.Assert.failNotEquals(Assert.java:1037)
at org.testng.Assert.assertEqualsImpl(Assert.java:140)
at org.testng.Assert.assertEquals(Assert.java:122)
at org.testng.Assert.assertEquals(Assert.java:629)
at org.testng.Assert.assertEquals(Assert.java:639)
at stepDefinitions.OfferPageStepDefinition.validate_product_name_in_Offers_page(OfferPageStepDefinition.java:58)
at ✽.validate product name in offers page matches with Landing Page(file:///C:/developmentAveto/workspace/cucumberFramework/src/test/java/features/searchProduct.feature:8)
]]>
    </failure>
  </testcase> <!-- runScenario -->
  <system-out/>
  <testcase name="runScenario" time="29.447" classname="testrunnerFiles.TestNGTestRunner"/>
  <system-out/>
  <testcase name="runScenario" time="31.251" classname="testrunnerFiles.TestNGTestRunner"/>
  <system-out/>
</testsuite> <!-- testrunnerFiles.TestNGTestRunner -->
