<?xml version="1.0" encoding="UTF-8"?>
<!-- Generated by org.testng.reporters.JUnitXMLReporter -->
<testsuite ignored="0" hostname="DESKTOP-BD50LHC" failures="0" tests="1" name="Test" time="0.131" errors="0" timestamp="2022-02-17T15:20:42 IST">
  <testcase classname="com.stepDef.TestCase" name="@BeforeTest setUp" time="0.02">
    <failure type="java.lang.NullPointerException" message="Cannot invoke &amp;quot;org.openqa.selenium.WebDriver.get(String)&amp;quot; because &amp;quot;this.driver&amp;quot; is null">
      <![CDATA[java.lang.NullPointerException: Cannot invoke "org.openqa.selenium.WebDriver.get(String)" because "this.driver" is null
at com.stepDef.TestCase.setUp(TestCase.java:31)
... Removed 24 stack frames]]>
    </failure>
  </testcase> <!-- @BeforeTest setUp -->
  <testcase classname="com.stepDef.TestCase" name="@AfterTest tearDown" time="-1.64509144238E9">
    <skipped/>
  </testcase> <!-- @AfterTest tearDown -->
  <testcase classname="com.stepDef.TestCase" name="testcase01" time="0.0">
    <skipped/>
  </testcase> <!-- testcase01 -->
</testsuite> <!-- Test -->
