<?xml version="1.0" encoding="UTF-8"?>
<!-- Generated by org.testng.reporters.JUnitXMLReporter -->
<testsuite hostname="DESKTOP-BD50LHC" ignored="0" name="Regression" tests="4" failures="0" timestamp="2022-02-24T11:05:38 IST" time="0.158" errors="0">
  <testcase name="fun1" time="0.015" classname="testNGexample.SampleParameters"/>
  <testcase name="dataproviderFun1" time="0.008" classname="testNGexample.DataProvideroperation"/>
  <testcase name="dataproviderFun1" time="0.002" classname="testNGexample.DataProvideroperation"/>
  <testcase name="dataproviderFun1" time="0.004" classname="testNGexample.DataProvideroperation"/>
</testsuite> <!-- Regression -->
