<?xml version="1.0" encoding="UTF-8"?>
<!-- Generated by org.testng.reporters.JUnitXMLReporter -->
<testsuite hostname="DESKTOP-BD50LHC" ignored="0" name="selenium" tests="6" failures="0" timestamp="2022-02-23T18:15:47 IST" time="0.189" errors="0">
  <testcase name="demo" time="0.011" classname="testNGexample.Annotationsoperation"/>
  <testcase name="demo1" time="0.004" classname="testNGexample.Annotationsoperation"/>
  <testcase name="fun3" time="0.004" classname="testNGexample.Annotationsoperation"/>
  <testcase name="apiLogin" time="0.002" classname="testNGexample.Priorityset"/>
  <testcase name="mobileLogin" time="0.002" classname="testNGexample.Priorityset"/>
  <testcase name="webLogin" time="0.004" classname="testNGexample.Priorityset"/>
</testsuite> <!-- selenium -->
