<?xml version="1.0" encoding="UTF-8"?>
<!-- Generated by org.testng.reporters.JUnitXMLReporter -->
<testsuite hostname="DESKTOP-BD50LHC" ignored="0" name="Test" tests="6" failures="0" timestamp="2022-02-23T18:15:47 IST" time="0.183" errors="0">
  <testcase name="fun1" time="0.019" classname="testNGexample.Sample"/>
  <testcase name="fun2" time="0.004" classname="testNGexample.Sample"/>
  <testcase name="fun1" time="0.005" classname="testNGexample.Sample1"/>
  <testcase name="fun2" time="0.003" classname="testNGexample.Sample1"/>
  <testcase name="fun3" time="0.007" classname="testNGexample.Sample1"/>
  <testcase name="fun1" time="0.003" classname="testNGexample.Sample2"/>
</testsuite> <!-- Test -->
